<?xml version="1.0" encoding="UTF-8" ?>
<testsuite errors="0" failures="0" hostname="MZC01-DMLEE" name="org.directwebremoting.convert.BeanConverterTest" skipped="6" tests="22" time="0.177" timestamp="2023-05-31T06:02:14">
  <properties>
[...]
</properties>
  <testcase classname="org.directwebremoting.convert.BeanConverterTest" name="convertInboundIllegalArgumentException" time="0.009" />
  <testcase classname="org.directwebremoting.convert.BeanConverterTest" name="convertInboundWithInvalidArguments2" time="0.0" />
  <testcase classname="org.directwebremoting.convert.BeanConverterTest" name="convertInboundWithInvalidArguments1" time="0.0" />
  <testcase classname="org.directwebremoting.convert.BeanConverterTest" name="convertInboundNullPointerException2" time="0.001" />
  <testcase classname="org.directwebremoting.convert.BeanConverterTest" name="convertInboundWithNull" time="0.001" />
  <testcase classname="org.directwebremoting.convert.BeanConverterTest" name="convertInboundMarshallException4" time="0.004" />
  <testcase classname="org.directwebremoting.convert.BeanConverterTest" name="convertInboundNullPointerException" time="0.001" />
  <testcase classname="org.directwebremoting.convert.BeanConverterTest" name="convertOutboundWithInclusions" time="0.0">
    <skipped />
  </testcase>
  <testcase classname="org.directwebremoting.convert.BeanConverterTest" name="convertInboundMarshallException" time="0.0" />
  <testcase classname="org.directwebremoting.convert.BeanConverterTest" name="convertInboundMarshallException2" time="0.0" />
  <testcase classname="org.directwebremoting.convert.BeanConverterTest" name="convertOutboundWithExclusions" time="0.0">
    <skipped />
  </testcase>
  <testcase classname="org.directwebremoting.convert.BeanConverterTest" name="setWrongImplementation" time="0.005" />
  <testcase classname="org.directwebremoting.convert.BeanConverterTest" name="convertOutboundExceptions" time="0.0">
    <skipped />
  </testcase>
  <testcase classname="org.directwebremoting.convert.BeanConverterTest" name="convertInboundExceptions" time="0.002">
    <skipped />
  </testcase>
  <testcase classname="org.directwebremoting.convert.BeanConverterTest" name="convertInboundMarshallException3" time="0.0" />
  <testcase classname="org.directwebremoting.convert.BeanConverterTest" name="convertOutbound" time="0.0">
    <skipped />
  </testcase>
  <testcase classname="org.directwebremoting.convert.BeanConverterTest" name="convertInbound" time="0.0">
    <skipped />
  </testcase>
  <testcase classname="org.directwebremoting.convert.BeanConverterTest" name="setImplementation" time="0.008" />
  <testcase classname="org.directwebremoting.convert.BeanConverterTest" name="convertOutboundNullPointerException" time="0.007" />
  <testcase classname="org.directwebremoting.convert.BeanConverterTest" name="convertOutboundWithExclusionsAndInclusions" time="0.003" />
  <testcase classname="org.directwebremoting.convert.BeanConverterTest" name="convertOutboundWithInclusionsAndExclusions" time="0.0" />
  <testcase classname="org.directwebremoting.convert.BeanConverterTest" name="convertOutboundNullPointerException2" time="0.001" />
  <system-out><![CDATA[]]></system-out>
  <system-err><![CDATA[]]></system-err>
</testsuite>
